<?xml version="1.0" encoding="UTF-8"?>
<!-- Generated by org.testng.reporters.JUnitReportReporter -->
<testsuite hostname="LIN-5CD51716WX" failures="0" tests="1" name="com.nobroker.test.Profile" time="91.741" errors="0" timestamp="2025-09-16T08:28:01 IST" skipped="0">
  <testcase classname="com.nobroker.test.Profile" name="resetFilters" time="91.741"/>
</testsuite> <!-- com.nobroker.test.Profile -->
