<?xml version="1.0" encoding="UTF-8"?>
<!-- Generated by org.testng.reporters.JUnitReportReporter -->
<testsuite hostname="LIN-5CD51716WX" failures="0" tests="1" name="com.nobroker.test.Profile" time="18.174" errors="0" timestamp="2025-09-14T22:06:07 IST" skipped="0">
  <testcase classname="com.nobroker.test.Profile" name="sortProperties" time="18.174"/>
</testsuite> <!-- com.nobroker.test.Profile -->
