<?xml version="1.0" encoding="UTF-8"?>
<!-- Generated by org.testng.reporters.JUnitReportReporter -->
<testsuite hostname="LIN-5CD51716WX" failures="0" tests="24" name="com.nobroker.test.Profile" time="523.827" errors="0" timestamp="2025-09-16T03:32:00 IST" skipped="0">
  <testcase classname="com.nobroker.test.Profile" name="validInputTest" time="9.234"/>
  <testcase classname="com.nobroker.test.Profile" name="validInputTest" time="8.441"/>
  <testcase classname="com.nobroker.test.Profile" name="validInputTest" time="18.926"/>
  <testcase classname="com.nobroker.test.Profile" name="invalidInputSearch" time="7.279"/>
  <testcase classname="com.nobroker.test.Profile" name="invalidInputSearch" time="16.852"/>
  <testcase classname="com.nobroker.test.Profile" name="invalidInputSearch" time="16.787"/>
  <testcase classname="com.nobroker.test.Profile" name="validSearchWithLocalities" time="36.986"/>
  <testcase classname="com.nobroker.test.Profile" name="validSearchWithLocalities" time="12.030"/>
  <testcase classname="com.nobroker.test.Profile" name="validSearchWithLocalities" time="12.551"/>
  <testcase classname="com.nobroker.test.Profile" name="validSearchWith4Localities" time="16.614"/>
  <testcase classname="com.nobroker.test.Profile" name="validSearchWith4Localities" time="17.700"/>
  <testcase classname="com.nobroker.test.Profile" name="validFilters" time="21.190"/>
  <testcase classname="com.nobroker.test.Profile" name="validFilters" time="33.802"/>
  <testcase classname="com.nobroker.test.Profile" name="validFilters" time="29.602"/>
  <testcase classname="com.nobroker.test.Profile" name="validFilters" time="20.341"/>
  <testcase classname="com.nobroker.test.Profile" name="validFilters" time="27.849"/>
  <testcase classname="com.nobroker.test.Profile" name="resetFilters" time="25.857"/>
  <testcase classname="com.nobroker.test.Profile" name="resetFilters" time="33.353"/>
  <testcase classname="com.nobroker.test.Profile" name="resetFilters" time="31.469"/>
  <testcase classname="com.nobroker.test.Profile" name="resetFilters" time="36.916"/>
  <testcase classname="com.nobroker.test.Profile" name="resetFilters" time="26.335"/>
  <testcase classname="com.nobroker.test.Profile" name="getOwnerDetailsWithoutLogin" time="11.923"/>
  <testcase classname="com.nobroker.test.Profile" name="getOwnerDetailsWithLogin" time="39.897"/>
  <testcase classname="com.nobroker.test.Profile" name="sortProperties" time="11.893"/>
</testsuite> <!-- com.nobroker.test.Profile -->
